<?xml version="1.0" encoding="UTF-8"?>
<!-- Generated by org.testng.reporters.JUnitXMLReporter -->
<testsuite hostname="admins-MacBook-Pro-3.local" failures="0" tests="3" name="Default test" time="28.746" errors="0" timestamp="3 Jan 2019 14:33:08 GMT">
  <testcase classname="AutoTest.LandingPage" name="basePageNavigation" time="6.653"/>
  <testcase classname="AutoTest.LandingPage" name="basePageNavigation" time="15.762"/>
  <testcase classname="AutoTest.LandingPage" name="basePageNavigation1" time="6.303"/>
</testsuite> <!-- Default test -->
