<?xml version="1.0" encoding="UTF-8"?>
<!-- Generated by org.testng.reporters.JUnitXMLReporter -->
<testsuite hostname="admins-MacBook-Pro-3.local" failures="0" tests="3" name="Test" time="30.041" errors="0" timestamp="4 Jan 2019 14:27:29 GMT">
  <testcase classname="AutoTest.LandingPage" name="basePageNavigation" time="7.409"/>
  <testcase classname="AutoTest.LandingPage" name="basePageNavigation" time="16.222"/>
  <testcase classname="AutoTest.LandingPage" name="basePageNavigation1" time="6.384"/>
</testsuite> <!-- Test -->
