<?xml version="1.0" encoding="UTF-8"?>
<!-- Generated by org.testng.reporters.JUnitXMLReporter -->
<testsuite hostname="admins-MacBook-Pro-3.local" failures="0" tests="3" name="Test" time="29.913" errors="0" timestamp="4 Jan 2019 14:23:00 GMT">
  <testcase classname="AutoTest.LandingPage" name="basePageNavigation" time="6.874"/>
  <testcase classname="AutoTest.LandingPage" name="basePageNavigation" time="16.697"/>
  <testcase classname="AutoTest.LandingPage" name="basePageNavigation1" time="6.322"/>
</testsuite> <!-- Test -->
