<?xml version="1.0" encoding="UTF-8"?>
<testng-results total="3" passed="3" failed="0" skipped="0">
  <reporter-output>
  </reporter-output>
  <suite started-at="2019-01-04T14:22:25Z" name="Suite" finished-at="2019-01-04T14:22:55Z" duration-ms="29913">
    <groups>
    </groups>
    <test started-at="2019-01-04T14:22:25Z" name="Test" finished-at="2019-01-04T14:22:55Z" duration-ms="29913">
      <class name="AutoTest.LandingPage">
        <test-method signature="basePageNavigation(java.lang.String, java.lang.String)[pri:0, instance:AutoTest.LandingPage@2654635]" started-at="2019-01-04T09:22:25Z" name="basePageNavigation" data-provider="getData" finished-at="2019-01-04T09:22:32Z" duration-ms="6874" status="PASS">
          <params>
            <param index="0">
              <value>
                <![CDATA[plasticqa]]>
              </value>
            </param>
            <param index="1">
              <value>
                <![CDATA[1testers2]]>
              </value>
            </param>
          </params>
          <reporter-output>
          </reporter-output>
        </test-method> <!-- basePageNavigation -->
        <test-method signature="basePageNavigation(java.lang.String)[pri:0, instance:AutoTest.LandingPage@2654635]" started-at="2019-01-04T09:22:32Z" name="basePageNavigation" data-provider="getDeliveryData" finished-at="2019-01-04T09:22:48Z" duration-ms="16697" status="PASS">
          <params>
            <param index="0">
              <value>
                <![CDATA[39 Parliament Street, Toronto]]>
              </value>
            </param>
          </params>
          <reporter-output>
          </reporter-output>
        </test-method> <!-- basePageNavigation -->
        <test-method signature="basePageNavigation1(java.lang.String, java.lang.String)[pri:0, instance:AutoTest.LandingPage@2654635]" started-at="2019-01-04T09:22:48Z" name="basePageNavigation1" data-provider="getSignInData" finished-at="2019-01-04T09:22:55Z" duration-ms="6322" status="PASS">
          <params>
            <param index="0">
              <value>
                <![CDATA[ppv2test@yopmail.com]]>
              </value>
            </param>
            <param index="1">
              <value>
                <![CDATA[bbbbbb1$]]>
              </value>
            </param>
          </params>
          <reporter-output>
          </reporter-output>
        </test-method> <!-- basePageNavigation1 -->
      </class> <!-- AutoTest.LandingPage -->
    </test> <!-- Test -->
  </suite> <!-- Suite -->
</testng-results>
