<?xml version="1.0" encoding="UTF-8"?>
<testsuite xmlns:xsi="http://www.w3.org/2001/XMLSchema-instance" xsi:noNamespaceSchemaLocation="https://maven.apache.org/surefire/maven-surefire-plugin/xsd/surefire-test-report.xsd" name="TestSuite" time="40.909" tests="3" errors="0" skipped="0" failures="0">
  <properties>
[...]
</properties>
  <testcase name="basePageNavigation" classname="AutoTest.LandingPage" time="6.876"/>
  <testcase name="basePageNavigation" classname="AutoTest.LandingPage" time="16.694"/>
  <testcase name="basePageNavigation1" classname="AutoTest.LandingPage" time="6.322"/>
</testsuite>